<?xml version="1.0" encoding="UTF-8"?>
<!-- Generated by org.testng.reporters.JUnitXMLReporter -->
<testsuite hostname="WINDOWS-1CT0KHN" failures="0" tests="4" name="AmazonTest" time="122.978" errors="0" timestamp="11 Mar 2022 02:59:49 GMT">
  <testcase classname="test.LoginTest" name="TestScript" time="16.971"/>
  <testcase classname="test.AddEmpPIMTest" name="UpdateEMPName" time="22.389"/>
  <testcase classname="test.UpdateAdminEMPTest" name="UpdateEMPName" time="14.562"/>
  <testcase classname="test.CountStatusOnAdminTest" name="CountStatus" time="35.445"/>
</testsuite> <!-- AmazonTest -->
