<?xml version="1.0" encoding="UTF-8"?>
<!-- Generated by org.testng.reporters.JUnitXMLReporter -->
<testsuite hostname="WINDOWS-1CT0KHN" failures="0" tests="4" name="OrangeHRM Test" time="75.293" errors="0" timestamp="17 Mar 2022 03:24:52 GMT">
  <testcase classname="test.LoginTest" name="TestScript" time="11.601"/>
  <testcase classname="test.AddEmpPIMTest" name="UpdateEMPName" time="24.548"/>
  <testcase classname="test.UpdateAdminEMPTest" name="UpdateEMPName" time="13.167"/>
  <testcase classname="test.CountStatusOnAdminTest" name="CountStatus" time="4.973"/>
</testsuite> <!-- OrangeHRM Test -->
