<?xml version="1.0" encoding="UTF-8"?>
<testng-results total="4" passed="4" failed="0" skipped="0">
  <reporter-output>
    <line>
      <![CDATA[Count of employees status having 'Enabled' is 41]]>
    </line>
    <line>
      <![CDATA[Count of employees status having 'Disabled' is 5]]>
    </line>
  </reporter-output>
  <suite started-at="2022-03-17T03:23:36Z" name="Suite1" finished-at="2022-03-17T03:24:52Z" duration-ms="75293">
    <groups>
    </groups>
    <test started-at="2022-03-17T03:23:36Z" name="OrangeHRM Test" finished-at="2022-03-17T03:24:52Z" duration-ms="75293">
      <class name="test.UpdateAdminEMPTest">
        <test-method signature="UpdateEMPName()[pri:0, instance:test.UpdateAdminEMPTest@4fe767f3]" started-at="2022-03-17T08:54:32Z" name="UpdateEMPName" finished-at="2022-03-17T08:54:45Z" duration-ms="13167" status="PASS">
          <reporter-output>
          </reporter-output>
        </test-method> <!-- UpdateEMPName -->
      </class> <!-- test.UpdateAdminEMPTest -->
      <class name="test.AddEmpPIMTest">
        <test-method signature="UpdateEMPName()[pri:0, instance:test.AddEmpPIMTest@d706f19]" started-at="2022-03-17T08:54:07Z" name="UpdateEMPName" finished-at="2022-03-17T08:54:32Z" duration-ms="24548" status="PASS">
          <reporter-output>
          </reporter-output>
        </test-method> <!-- UpdateEMPName -->
      </class> <!-- test.AddEmpPIMTest -->
      <class name="test.LoginTest">
        <test-method is-config="true" signature="beforetest()[pri:0, instance:test.LoginTest@16e7dcfd]" started-at="2022-03-17T08:53:36Z" name="beforetest" finished-at="2022-03-17T08:53:56Z" duration-ms="19382" status="PASS">
          <reporter-output>
          </reporter-output>
        </test-method> <!-- beforetest -->
        <test-method signature="TestScript()[pri:0, instance:test.LoginTest@16e7dcfd]" started-at="2022-03-17T08:53:56Z" name="TestScript" finished-at="2022-03-17T08:54:07Z" duration-ms="11601" status="PASS">
          <reporter-output>
          </reporter-output>
        </test-method> <!-- TestScript -->
        <test-method is-config="true" signature="Aftertest()[pri:0, instance:test.LoginTest@16e7dcfd]" started-at="2022-03-17T08:54:50Z" name="Aftertest" finished-at="2022-03-17T08:54:52Z" duration-ms="1585" status="PASS">
          <reporter-output>
          </reporter-output>
        </test-method> <!-- Aftertest -->
      </class> <!-- test.LoginTest -->
      <class name="test.CountStatusOnAdminTest">
        <test-method signature="CountStatus()[pri:0, instance:test.CountStatusOnAdminTest@30b7c004]" started-at="2022-03-17T08:54:45Z" name="CountStatus" finished-at="2022-03-17T08:54:50Z" duration-ms="4973" status="PASS">
          <reporter-output>
            <line>
              <![CDATA[Count of employees status having 'Enabled' is 41]]>
            </line>
            <line>
              <![CDATA[Count of employees status having 'Disabled' is 5]]>
            </line>
          </reporter-output>
        </test-method> <!-- CountStatus -->
      </class> <!-- test.CountStatusOnAdminTest -->
    </test> <!-- OrangeHRM Test -->
  </suite> <!-- Suite1 -->
</testng-results>
